[debug] [2024-12-05T06:26:44.893Z] ----------------------------------------------------------------------
[debug] [2024-12-05T06:26:44.899Z] Command:       C:\Program Files\nodejs\node.exe C:\Users\enuyo\AppData\Roaming\npm\node_modules\firebase-tools\lib\bin\firebase.js functions:shell
[debug] [2024-12-05T06:26:44.900Z] CLI Version:   13.27.0
[debug] [2024-12-05T06:26:44.900Z] Platform:      win32
[debug] [2024-12-05T06:26:44.900Z] Node Version:  v20.17.0
[debug] [2024-12-05T06:26:44.901Z] Time:          Wed Dec 04 2024 22:26:44 GMT-0800 (Pacific Standard Time)
[debug] [2024-12-05T06:26:44.901Z] ----------------------------------------------------------------------
[debug] 
[debug] [2024-12-05T06:26:44.909Z] >>> [apiv2][query] GET https://firebase-public.firebaseio.com/cli.json [none]
[debug] [2024-12-05T06:26:45.240Z] > command requires scopes: ["email","openid","https://www.googleapis.com/auth/cloudplatformprojects.readonly","https://www.googleapis.com/auth/firebase","https://www.googleapis.com/auth/cloud-platform"]
[debug] [2024-12-05T06:26:45.241Z] > authorizing via signed-in user (yordanosdegu29@gmail.com)
[debug] [2024-12-05T06:26:45.241Z] [iam] checking project clone-1f5ab for permissions ["firebase.projects.get"]
[debug] [2024-12-05T06:26:45.243Z] Checked if tokens are valid: false, expires at: 1733297246389
[debug] [2024-12-05T06:26:45.244Z] Checked if tokens are valid: false, expires at: 1733297246389
[debug] [2024-12-05T06:26:45.245Z] > refreshing access token with scopes: []
[debug] [2024-12-05T06:26:45.247Z] >>> [apiv2][query] POST https://www.googleapis.com/oauth2/v3/token [none]
[debug] [2024-12-05T06:26:45.247Z] >>> [apiv2][body] POST https://www.googleapis.com/oauth2/v3/token [omitted]
[debug] [2024-12-05T06:26:45.437Z] <<< [apiv2][status] GET https://firebase-public.firebaseio.com/cli.json 200
[debug] [2024-12-05T06:26:45.438Z] <<< [apiv2][body] GET https://firebase-public.firebaseio.com/cli.json {"cloudBuildErrorAfter":1594252800000,"cloudBuildWarnAfter":1590019200000,"defaultNode10After":1594252800000,"minVersion":"3.0.5","node8DeploysDisabledAfter":1613390400000,"node8RuntimeDisabledAfter":1615809600000,"node8WarnAfter":1600128000000}
[debug] [2024-12-05T06:26:45.467Z] <<< [apiv2][status] POST https://www.googleapis.com/oauth2/v3/token 200
[debug] [2024-12-05T06:26:45.468Z] <<< [apiv2][body] POST https://www.googleapis.com/oauth2/v3/token [omitted]
[debug] [2024-12-05T06:26:45.487Z] >>> [apiv2][query] POST https://cloudresourcemanager.googleapis.com/v1/projects/clone-1f5ab:testIamPermissions [none]
[debug] [2024-12-05T06:26:45.487Z] >>> [apiv2][(partial)header] POST https://cloudresourcemanager.googleapis.com/v1/projects/clone-1f5ab:testIamPermissions x-goog-quota-user=projects/clone-1f5ab
[debug] [2024-12-05T06:26:45.487Z] >>> [apiv2][body] POST https://cloudresourcemanager.googleapis.com/v1/projects/clone-1f5ab:testIamPermissions {"permissions":["firebase.projects.get"]}
[debug] [2024-12-05T06:26:45.697Z] <<< [apiv2][status] POST https://cloudresourcemanager.googleapis.com/v1/projects/clone-1f5ab:testIamPermissions 200
[debug] [2024-12-05T06:26:45.698Z] <<< [apiv2][body] POST https://cloudresourcemanager.googleapis.com/v1/projects/clone-1f5ab:testIamPermissions {"permissions":["firebase.projects.get"]}
[debug] [2024-12-05T06:26:45.711Z] [functions] Functions Emulator only supports listening on one address (127.0.0.1). Not listening on ::1
[debug] [2024-12-05T06:26:45.717Z] defaultcredentials: writing to file C:\Users\enuyo\AppData\Roaming\firebase\yordanosdegu29_gmail_com_application_default_credentials.json
[debug] [2024-12-05T06:26:45.721Z] DEBUG: Setting GAC to C:\Users\enuyo\AppData\Roaming\firebase\yordanosdegu29_gmail_com_application_default_credentials.json
[debug] [2024-12-05T06:26:45.722Z] Checked if tokens are valid: true, expires at: 1733383604468
[debug] [2024-12-05T06:26:45.723Z] Checked if tokens are valid: true, expires at: 1733383604468
[debug] [2024-12-05T06:26:45.723Z] >>> [apiv2][query] GET https://firebase.googleapis.com/v1beta1/projects/clone-1f5ab/adminSdkConfig [none]
[debug] [2024-12-05T06:26:46.111Z] <<< [apiv2][status] GET https://firebase.googleapis.com/v1beta1/projects/clone-1f5ab/adminSdkConfig 200
[debug] [2024-12-05T06:26:46.111Z] <<< [apiv2][body] GET https://firebase.googleapis.com/v1beta1/projects/clone-1f5ab/adminSdkConfig {"projectId":"clone-1f5ab","storageBucket":"clone-1f5ab.firebasestorage.app"}
[debug] [2024-12-05T06:26:46.139Z] [functions] Watching "C:\Users\enuyo\OneDrive\Desktop\Yordanos-Evandagi\Phase 4\Amazon-Project\amazon-clone\functions" for Cloud Functions...
[debug] [2024-12-05T06:26:46.151Z] Validating nodejs source
[debug] [2024-12-05T06:26:49.363Z] > [functions] package.json contents: {
  "name": "functions",
  "description": "Cloud Functions for Firebase",
  "scripts": {
    "serve": "firebase emulators:start --only functions",
    "shell": "firebase functions:shell",
    "start": "npm run shell",
    "deploy": "firebase deploy --only functions",
    "logs": "firebase functions:log"
  },
  "engines": {
    "node": "18"
  },
  "main": "index.js",
  "dependencies": {
    "cors": "^2.8.5",
    "dotenv": "^16.4.7",
    "express": "^4.21.1",
    "firebase-admin": "^12.6.0",
    "firebase-functions": "^6.0.1",
    "stripe": "^17.4.0"
  },
  "devDependencies": {
    "firebase-functions-test": "^3.1.0"
  },
  "private": true
}
[debug] [2024-12-05T06:26:49.364Z] Building nodejs source
[debug] [2024-12-05T06:26:49.365Z] Failed to find version of module node: reached end of search path C:\Users\enuyo\OneDrive\Desktop\Yordanos-Evandagi\Phase 4\Amazon-Project\amazon-clone\functions\node_modules
[warn] !  functions: Your requested "node" version "18" doesn't match your global version "20". Using node@20 from host. 
[info] i  functions: Loaded environment variables from .env. 
[debug] [2024-12-05T06:26:49.377Z] Could not find functions.yaml. Must use http discovery
[debug] [2024-12-05T06:26:49.402Z] Found firebase-functions binary at 'C:\Users\enuyo\OneDrive\Desktop\Yordanos-Evandagi\Phase 4\Amazon-Project\amazon-clone\functions\node_modules\.bin\firebase-functions'
[info] Serving at port 8065

[debug] [2024-12-05T06:26:52.497Z] Got response from /__/functions.yaml {"endpoints":{"api":{"availableMemoryMb":null,"timeoutSeconds":null,"minInstances":null,"maxInstances":null,"ingressSettings":null,"concurrency":null,"serviceAccountEmail":null,"vpc":null,"platform":"gcfv2","labels":{},"httpsTrigger":{},"entryPoint":"api"}},"specVersion":"v1alpha1","requiredAPIs":[],"extensions":{}}
[debug] [2024-12-05T06:26:57.617Z] [functions] Loaded functions definitions from source: api.
[debug] [2024-12-05T06:26:57.619Z] [functions[us-central1-api]] http function initialized (http://127.0.0.1:5000/clone-1f5ab/us-central1/api).
[info] i  functions: Loaded functions: api 
[warn] !  functions: The following emulators are not running, calls to these services will affect production: firestore, database, pubsub, storage, eventarc, tasks 
